<?xml version="1.0" encoding="UTF-8"?>
<testng-results ignored="0" total="1" passed="1" failed="0" skipped="0">
  <reporter-output>
  </reporter-output>
  <suite started-at="2026-01-16T20:01:42 IST" name="Default Suite" finished-at="2026-01-16T20:02:26 IST" duration-ms="43497">
    <groups>
    </groups>
    <test started-at="2026-01-16T20:01:42 IST" name="Mvn" finished-at="2026-01-16T20:02:26 IST" duration-ms="43497">
      <class name="org.example.miniproject.AlertHandling">
        <test-method signature="test1()[pri:0, instance:org.example.miniproject.AlertHandling@6379eb]" started-at="2026-01-16T20:01:42 IST" name="test1" finished-at="2026-01-16T20:02:26 IST" duration-ms="43424" status="PASS">
          <reporter-output>
          </reporter-output>
        </test-method> <!-- test1 -->
      </class> <!-- org.example.miniproject.AlertHandling -->
    </test> <!-- Mvn -->
  </suite> <!-- Default Suite -->
</testng-results>
